Build started 10/19/2013 12:40:42 PM.
     1>Project "D:\OpenGL\hw3_1\hw3\hw3\hw3.vcxproj" on node 2 (build target(s)).
     1>InitializeBuildStatus:
         Creating "Debug\hw3.unsuccessfulbuild" because "AlwaysCreate" was specified.
       ClCompile:
         C:\Program Files (x86)\Microsoft Visual Studio 10.0\VC\bin\CL.exe /c /ZI /nologo /W3 /WX- /Od /Oy- /D _MBCS /Gm /EHsc /RTC1 /MDd /GS /fp:precise /Zc:wchar_t /Zc:forScope /Fo"Debug\\" /Fd"Debug\vc100.pdb" /Gd /TP /analyze- /errorReport:prompt Source\FlyingObject.cpp Source\GraphicsDevice.cpp Source\mainWindow.cpp Source\PolygonManager.cpp
         PolygonManager.cpp
     1>d:\opengl\hw3_1\hw3\hw3\headers\polygonmanager.h(62): warning C4018: '<' : signed/unsigned mismatch
     1>d:\opengl\hw3_1\hw3\hw3\headers\polygonmanager.h(67): warning C4553: '==' : operator has no effect; did you intend '='?
     1>d:\opengl\hw3_1\hw3\hw3\source\polygonmanager.cpp(47): warning C4244: 'initializing' : conversion from 'float' to 'int', possible loss of data
     1>d:\opengl\hw3_1\hw3\hw3\source\polygonmanager.cpp(48): warning C4244: 'initializing' : conversion from 'float' to 'int', possible loss of data
         mainWindow.cpp
     1>d:\opengl\hw3_1\hw3\hw3\headers\polygonmanager.h(62): warning C4018: '<' : signed/unsigned mismatch
     1>d:\opengl\hw3_1\hw3\hw3\headers\polygonmanager.h(67): warning C4553: '==' : operator has no effect; did you intend '='?
     1>d:\opengl\hw3_1\hw3\hw3\source\mainwindow.cpp(121): warning C4244: 'argument' : conversion from 'time_t' to 'unsigned int', possible loss of data
         GraphicsDevice.cpp
         FlyingObject.cpp
     1>d:\opengl\hw3_1\hw3\hw3\headers\polygonmanager.h(62): warning C4018: '<' : signed/unsigned mismatch
     1>d:\opengl\hw3_1\hw3\hw3\headers\polygonmanager.h(67): warning C4553: '==' : operator has no effect; did you intend '='?
     1>d:\opengl\hw3_1\hw3\hw3\source\flyingobject.cpp(128): warning C4244: 'argument' : conversion from 'GLfloat' to 'int', possible loss of data
     1>d:\opengl\hw3_1\hw3\hw3\source\flyingobject.cpp(128): warning C4244: 'argument' : conversion from 'GLfloat' to 'int', possible loss of data
     1>d:\opengl\hw3_1\hw3\hw3\source\flyingobject.cpp(156): warning C4244: 'argument' : conversion from 'int' to 'float', possible loss of data
     1>d:\opengl\hw3_1\hw3\hw3\source\flyingobject.cpp(156): warning C4244: 'argument' : conversion from 'int' to 'float', possible loss of data
         Generating Code...
       Link:
         C:\Program Files (x86)\Microsoft Visual Studio 10.0\VC\bin\link.exe /ERRORREPORT:PROMPT /OUT:"D:\OpenGL\hw3_1\hw3\Debug\hw3.exe" /NOLOGO OpenGL32.lib freeglut.lib glew32.lib kernel32.lib user32.lib gdi32.lib winspool.lib comdlg32.lib advapi32.lib shell32.lib ole32.lib oleaut32.lib uuid.lib odbc32.lib odbccp32.lib /MANIFEST /ManifestFile:"Debug\hw3.exe.intermediate.manifest" /MANIFESTUAC:"level='asInvoker' uiAccess='false'" /DEBUG /PDB:"D:\OpenGL\hw3_1\hw3\Debug\hw3.pdb" /SUBSYSTEM:CONSOLE /TLBID:1 /DYNAMICBASE /NXCOMPAT /IMPLIB:"D:\OpenGL\hw3_1\hw3\Debug\hw3.lib" /MACHINE:X86 Debug\FlyingObject.obj
         Debug\GraphicsDevice.obj
         Debug\mainWindow.obj
         Debug\PolygonManager.obj
         LINK : D:\OpenGL\hw3_1\hw3\Debug\hw3.exe not found or not built by the last incremental link; performing full link
         hw3.vcxproj -> D:\OpenGL\hw3_1\hw3\Debug\hw3.exe
       Manifest:
         C:\Program Files (x86)\Microsoft SDKs\Windows\v7.0A\bin\mt.exe /nologo /verbose /outputresource:"D:\OpenGL\hw3_1\hw3\Debug\hw3.exe;#1" /manifest Debug\hw3.exe.intermediate.manifest
       FinalizeBuildStatus:
         Deleting file "Debug\hw3.unsuccessfulbuild".
         Touching "Debug\hw3.lastbuildstate".
     1>Done Building Project "D:\OpenGL\hw3_1\hw3\hw3\hw3.vcxproj" (build target(s)).

Build succeeded.

Time Elapsed 00:00:05.92
